here: /user/scratchdelcatty/gent/gvo000/gvo00074/manfredo/utilsR 
there: /user/scratchdelcatty/gent/gvo000/gvo00074/manfredo/utilsR/../new_scheme6 
srcdir: /user/scratchdelcatty/gent/gvo000/gvo00074/manfredo/utilsR 
outroot: /user/scratchdelcatty/gent/gvo000/gvo00074/manfredo/utilsR/../new_scheme6/figures 
Loading required package: abind
Loading required package: akima
Loading required package: boot
Loading required package: car

Attaching package: ‘car’

The following object is masked from ‘package:boot’:

    logit

Loading required package: caTools
Loading required package: chron
Loading required package: compiler
Loading required package: fields
Loading required package: methods
Loading required package: spam
Loading required package: grid
Spam version 1.3-0 (2015-10-24) is loaded.
Type 'help( Spam)' or 'demo( spam)' for a short introduction 
and overview of this package.
Help for individual functions is also obtained by adding the
suffix '.spam' to the function name, e.g. 'help( chol.spam)'.

Attaching package: ‘spam’

The following objects are masked from ‘package:base’:

    backsolve, forwardsolve

Loading required package: maps

 # maps v3.1: updated 'world': all lakes moved to separate new #
 # 'lakes' database. Type '?world' or 'news(package="maps")'.  #


Loading required package: gbm
Loading required package: survival

Attaching package: ‘survival’

The following object is masked from ‘package:boot’:

    aml

Loading required package: lattice

Attaching package: ‘lattice’

The following object is masked from ‘package:boot’:

    melanoma

Loading required package: splines
Loading required package: parallel
Loaded gbm 2.1.1
Loading required package: rhdf5
Loading required package: klaR
Loading required package: MASS
Loading required package: nlme
Loading required package: numDeriv
Loading required package: plotrix

Attaching package: ‘plotrix’

The following object is masked from ‘package:fields’:

    color.scale

Loading required package: proto
Loading required package: randomForest
randomForest 4.6-12
Type rfNews() to see new features/changes/bug fixes.
Loading required package: raster
Loading required package: sp

Attaching package: ‘raster’

The following object is masked from ‘package:nlme’:

    getData

The following objects are masked from ‘package:MASS’:

    area, select

Loading required package: rgdal
rgdal: version: 1.1-10, (SVN revision 622)
 Geospatial Data Abstraction Library extensions to R successfully loaded
 Loaded GDAL runtime: GDAL 2.1.0, released 2016/04/25
 Path to GDAL shared files: /apps/gent/CO7/sandybridge/software/GDAL/2.1.0-intel-2016b/share/gdal
 Loaded PROJ.4 runtime: Rel. 4.9.2, 08 September 2015, [PJ_VERSION: 492]
 Path to PROJ.4 shared files: (autodetected)
 Linking to sp version: 1.2-3 
Loading required package: robustbase

Attaching package: ‘robustbase’

The following object is masked from ‘package:survival’:

    heart

The following object is masked from ‘package:boot’:

    salinity

Loading required package: R.utils
Loading required package: R.oo
Loading required package: R.methodsS3
R.methodsS3 v1.7.1 (2016-02-15) successfully loaded. See ?R.methodsS3 for help.
R.oo v1.20.0 (2016-02-17) successfully loaded. See ?R.oo for help.

Attaching package: ‘R.oo’

The following object is masked from ‘package:rgdal’:

    getDescription

The following objects are masked from ‘package:raster’:

    extend, trim

The following objects are masked from ‘package:methods’:

    getClasses, getMethods

The following object is masked from ‘package:compiler’:

    compile

The following objects are masked from ‘package:base’:

    attach, detach, gc, load, save

R.utils v2.3.0 (2016-04-13) successfully loaded. See ?R.utils for help.

Attaching package: ‘R.utils’

The following objects are masked from ‘package:raster’:

    extract, resample

The following object is masked from ‘package:spam’:

    cleanup

The following object is masked from ‘package:utils’:

    timestamp

The following objects are masked from ‘package:base’:

    cat, commandArgs, getOption, inherits, isOpen, parse, warnings

Loading required package: stats4

Attaching package: ‘stats4’

The following object is masked from ‘package:spam’:

    mle

Loading required package: zoo

Attaching package: ‘zoo’

The following objects are masked from ‘package:base’:

    as.Date, as.Date.numeric

 + Loading scripts from  /user/scratchdelcatty/gent/gvo000/gvo00074/manfredo/utilsR ... 
 Script colour.utils.r sourced 
 Script rconstants.r sourced 
 Script globdims.r sourced 
 Script unitlist.r sourced 
 Script allometry.r sourced 
 Script charutils.r sourced 
 Script clean.tmp.r sourced 
 Script desc.unit.r sourced 
 Script locations.r sourced 
 Script monthly.template.r sourced 
 Script operators.r sourced 
 Script panoply.r sourced 
 Script plotsize.r sourced 
 Script pretty.box.r sourced 
 Script pretty.log.r sourced 
 Script pretty.xylim.r sourced 
 Script qapply.r sourced 
 Script read.q.files.r sourced 
 Script soilutils.r sourced 
 Script sombreado.r sourced 
 Script switch.col.r sourced 
 Script thermlib.r sourced 
 Script timeutils.r sourced 
 Script iso3166.r sourced 
 Script pft.coms.r sourced 
 Script pmonthly_varlist.r sourced 
 + Post-processing output from  Paracou, GUF ... 
   - Loading previous session... 
    - Reading data from year  2185 ... 
/user/scratchdelcatty/gent/gvo000/gvo00074/manfredo/utilsR/../new_scheme6/analy/paracou-Q-2185-01-00-000000-g01.h5 
/user/scratchdelcatty/gent/gvo000/gvo00074/manfredo/utilsR/../new_scheme6/analy/paracou-Q-2185-02-00-000000-g01.h5 
/user/scratchdelcatty/gent/gvo000/gvo00074/manfredo/utilsR/../new_scheme6/analy/paracou-Q-2185-03-00-000000-g01.h5 
/user/scratchdelcatty/gent/gvo000/gvo00074/manfredo/utilsR/../new_scheme6/analy/paracou-Q-2185-04-00-000000-g01.h5 
/user/scratchdelcatty/gent/gvo000/gvo00074/manfredo/utilsR/../new_scheme6/analy/paracou-Q-2185-05-00-000000-g01.h5 
/user/scratchdelcatty/gent/gvo000/gvo00074/manfredo/utilsR/../new_scheme6/analy/paracou-Q-2185-06-00-000000-g01.h5 
/user/scratchdelcatty/gent/gvo000/gvo00074/manfredo/utilsR/../new_scheme6/analy/paracou-Q-2185-07-00-000000-g01.h5 
/user/scratchdelcatty/gent/gvo000/gvo00074/manfredo/utilsR/../new_scheme6/analy/paracou-Q-2185-08-00-000000-g01.h5 
/user/scratchdelcatty/gent/gvo000/gvo00074/manfredo/utilsR/../new_scheme6/analy/paracou-Q-2185-09-00-000000-g01.h5 
/user/scratchdelcatty/gent/gvo000/gvo00074/manfredo/utilsR/../new_scheme6/analy/paracou-Q-2185-10-00-000000-g01.h5 
/user/scratchdelcatty/gent/gvo000/gvo00074/manfredo/utilsR/../new_scheme6/analy/paracou-Q-2185-11-00-000000-g01.h5 
/user/scratchdelcatty/gent/gvo000/gvo00074/manfredo/utilsR/../new_scheme6/analy/paracou-Q-2185-12-00-000000-g01.h5 
    - Reading data from year  2186 ... 
/user/scratchdelcatty/gent/gvo000/gvo00074/manfredo/utilsR/../new_scheme6/analy/paracou-Q-2186-01-00-000000-g01.h5 
/user/scratchdelcatty/gent/gvo000/gvo00074/manfredo/utilsR/../new_scheme6/analy/paracou-Q-2186-02-00-000000-g01.h5 
/user/scratchdelcatty/gent/gvo000/gvo00074/manfredo/utilsR/../new_scheme6/analy/paracou-Q-2186-03-00-000000-g01.h5 
/user/scratchdelcatty/gent/gvo000/gvo00074/manfredo/utilsR/../new_scheme6/analy/paracou-Q-2186-04-00-000000-g01.h5 
/user/scratchdelcatty/gent/gvo000/gvo00074/manfredo/utilsR/../new_scheme6/analy/paracou-Q-2186-05-00-000000-g01.h5 
/user/scratchdelcatty/gent/gvo000/gvo00074/manfredo/utilsR/../new_scheme6/analy/paracou-Q-2186-06-00-000000-g01.h5 
/user/scratchdelcatty/gent/gvo000/gvo00074/manfredo/utilsR/../new_scheme6/analy/paracou-Q-2186-07-00-000000-g01.h5 
/user/scratchdelcatty/gent/gvo000/gvo00074/manfredo/utilsR/../new_scheme6/analy/paracou-Q-2186-08-00-000000-g01.h5 
/user/scratchdelcatty/gent/gvo000/gvo00074/manfredo/utilsR/../new_scheme6/analy/paracou-Q-2186-09-00-000000-g01.h5 
/user/scratchdelcatty/gent/gvo000/gvo00074/manfredo/utilsR/../new_scheme6/analy/paracou-Q-2186-10-00-000000-g01.h5 
/user/scratchdelcatty/gent/gvo000/gvo00074/manfredo/utilsR/../new_scheme6/analy/paracou-Q-2186-11-00-000000-g01.h5 
/user/scratchdelcatty/gent/gvo000/gvo00074/manfredo/utilsR/../new_scheme6/analy/paracou-Q-2186-12-00-000000-g01.h5 
    - Reading data from year  2187 ... 
/user/scratchdelcatty/gent/gvo000/gvo00074/manfredo/utilsR/../new_scheme6/analy/paracou-Q-2187-01-00-000000-g01.h5 
/user/scratchdelcatty/gent/gvo000/gvo00074/manfredo/utilsR/../new_scheme6/analy/paracou-Q-2187-02-00-000000-g01.h5 
/user/scratchdelcatty/gent/gvo000/gvo00074/manfredo/utilsR/../new_scheme6/analy/paracou-Q-2187-03-00-000000-g01.h5 
/user/scratchdelcatty/gent/gvo000/gvo00074/manfredo/utilsR/../new_scheme6/analy/paracou-Q-2187-04-00-000000-g01.h5 
/user/scratchdelcatty/gent/gvo000/gvo00074/manfredo/utilsR/../new_scheme6/analy/paracou-Q-2187-05-00-000000-g01.h5 
/user/scratchdelcatty/gent/gvo000/gvo00074/manfredo/utilsR/../new_scheme6/analy/paracou-Q-2187-06-00-000000-g01.h5 
/user/scratchdelcatty/gent/gvo000/gvo00074/manfredo/utilsR/../new_scheme6/analy/paracou-Q-2187-07-00-000000-g01.h5 
/user/scratchdelcatty/gent/gvo000/gvo00074/manfredo/utilsR/../new_scheme6/analy/paracou-Q-2187-08-00-000000-g01.h5 
/user/scratchdelcatty/gent/gvo000/gvo00074/manfredo/utilsR/../new_scheme6/analy/paracou-Q-2187-09-00-000000-g01.h5 
/user/scratchdelcatty/gent/gvo000/gvo00074/manfredo/utilsR/../new_scheme6/analy/paracou-Q-2187-10-00-000000-g01.h5 
/user/scratchdelcatty/gent/gvo000/gvo00074/manfredo/utilsR/../new_scheme6/analy/paracou-Q-2187-11-00-000000-g01.h5 
/user/scratchdelcatty/gent/gvo000/gvo00074/manfredo/utilsR/../new_scheme6/analy/paracou-Q-2187-12-00-000000-g01.h5 
    - Reading data from year  2188 ... 
/user/scratchdelcatty/gent/gvo000/gvo00074/manfredo/utilsR/../new_scheme6/analy/paracou-Q-2188-01-00-000000-g01.h5 
/user/scratchdelcatty/gent/gvo000/gvo00074/manfredo/utilsR/../new_scheme6/analy/paracou-Q-2188-02-00-000000-g01.h5 
/user/scratchdelcatty/gent/gvo000/gvo00074/manfredo/utilsR/../new_scheme6/analy/paracou-Q-2188-03-00-000000-g01.h5 
/user/scratchdelcatty/gent/gvo000/gvo00074/manfredo/utilsR/../new_scheme6/analy/paracou-Q-2188-04-00-000000-g01.h5 
/user/scratchdelcatty/gent/gvo000/gvo00074/manfredo/utilsR/../new_scheme6/analy/paracou-Q-2188-05-00-000000-g01.h5 
/user/scratchdelcatty/gent/gvo000/gvo00074/manfredo/utilsR/../new_scheme6/analy/paracou-Q-2188-06-00-000000-g01.h5 
/user/scratchdelcatty/gent/gvo000/gvo00074/manfredo/utilsR/../new_scheme6/analy/paracou-Q-2188-07-00-000000-g01.h5 
/user/scratchdelcatty/gent/gvo000/gvo00074/manfredo/utilsR/../new_scheme6/analy/paracou-Q-2188-08-00-000000-g01.h5 
/user/scratchdelcatty/gent/gvo000/gvo00074/manfredo/utilsR/../new_scheme6/analy/paracou-Q-2188-09-00-000000-g01.h5 
/user/scratchdelcatty/gent/gvo000/gvo00074/manfredo/utilsR/../new_scheme6/analy/paracou-Q-2188-10-00-000000-g01.h5 
/user/scratchdelcatty/gent/gvo000/gvo00074/manfredo/utilsR/../new_scheme6/analy/paracou-Q-2188-11-00-000000-g01.h5 
/user/scratchdelcatty/gent/gvo000/gvo00074/manfredo/utilsR/../new_scheme6/analy/paracou-Q-2188-12-00-000000-g01.h5 
    - Reading data from year  2189 ... 
/user/scratchdelcatty/gent/gvo000/gvo00074/manfredo/utilsR/../new_scheme6/analy/paracou-Q-2189-01-00-000000-g01.h5 
/user/scratchdelcatty/gent/gvo000/gvo00074/manfredo/utilsR/../new_scheme6/analy/paracou-Q-2189-02-00-000000-g01.h5 
/user/scratchdelcatty/gent/gvo000/gvo00074/manfredo/utilsR/../new_scheme6/analy/paracou-Q-2189-03-00-000000-g01.h5 
/user/scratchdelcatty/gent/gvo000/gvo00074/manfredo/utilsR/../new_scheme6/analy/paracou-Q-2189-04-00-000000-g01.h5 
/user/scratchdelcatty/gent/gvo000/gvo00074/manfredo/utilsR/../new_scheme6/analy/paracou-Q-2189-05-00-000000-g01.h5 
/user/scratchdelcatty/gent/gvo000/gvo00074/manfredo/utilsR/../new_scheme6/analy/paracou-Q-2189-06-00-000000-g01.h5 
/user/scratchdelcatty/gent/gvo000/gvo00074/manfredo/utilsR/../new_scheme6/analy/paracou-Q-2189-07-00-000000-g01.h5 
/user/scratchdelcatty/gent/gvo000/gvo00074/manfredo/utilsR/../new_scheme6/analy/paracou-Q-2189-08-00-000000-g01.h5 
/user/scratchdelcatty/gent/gvo000/gvo00074/manfredo/utilsR/../new_scheme6/analy/paracou-Q-2189-09-00-000000-g01.h5 
/user/scratchdelcatty/gent/gvo000/gvo00074/manfredo/utilsR/../new_scheme6/analy/paracou-Q-2189-10-00-000000-g01.h5 
/user/scratchdelcatty/gent/gvo000/gvo00074/manfredo/utilsR/../new_scheme6/analy/paracou-Q-2189-11-00-000000-g01.h5 
/user/scratchdelcatty/gent/gvo000/gvo00074/manfredo/utilsR/../new_scheme6/analy/paracou-Q-2189-12-00-000000-g01.h5 
    - Reading data from year  2190 ... 
/user/scratchdelcatty/gent/gvo000/gvo00074/manfredo/utilsR/../new_scheme6/analy/paracou-Q-2190-01-00-000000-g01.h5 
/user/scratchdelcatty/gent/gvo000/gvo00074/manfredo/utilsR/../new_scheme6/analy/paracou-Q-2190-02-00-000000-g01.h5 
/user/scratchdelcatty/gent/gvo000/gvo00074/manfredo/utilsR/../new_scheme6/analy/paracou-Q-2190-03-00-000000-g01.h5 
/user/scratchdelcatty/gent/gvo000/gvo00074/manfredo/utilsR/../new_scheme6/analy/paracou-Q-2190-04-00-000000-g01.h5 
/user/scratchdelcatty/gent/gvo000/gvo00074/manfredo/utilsR/../new_scheme6/analy/paracou-Q-2190-05-00-000000-g01.h5 
/user/scratchdelcatty/gent/gvo000/gvo00074/manfredo/utilsR/../new_scheme6/analy/paracou-Q-2190-06-00-000000-g01.h5 
/user/scratchdelcatty/gent/gvo000/gvo00074/manfredo/utilsR/../new_scheme6/analy/paracou-Q-2190-07-00-000000-g01.h5 
/user/scratchdelcatty/gent/gvo000/gvo00074/manfredo/utilsR/../new_scheme6/analy/paracou-Q-2190-08-00-000000-g01.h5 
/user/scratchdelcatty/gent/gvo000/gvo00074/manfredo/utilsR/../new_scheme6/analy/paracou-Q-2190-09-00-000000-g01.h5 
/user/scratchdelcatty/gent/gvo000/gvo00074/manfredo/utilsR/../new_scheme6/analy/paracou-Q-2190-10-00-000000-g01.h5 
/user/scratchdelcatty/gent/gvo000/gvo00074/manfredo/utilsR/../new_scheme6/analy/paracou-Q-2190-11-00-000000-g01.h5 
/user/scratchdelcatty/gent/gvo000/gvo00074/manfredo/utilsR/../new_scheme6/analy/paracou-Q-2190-12-00-000000-g01.h5 
    - Reading data from year  2191 ... 
/user/scratchdelcatty/gent/gvo000/gvo00074/manfredo/utilsR/../new_scheme6/analy/paracou-Q-2191-01-00-000000-g01.h5 
/user/scratchdelcatty/gent/gvo000/gvo00074/manfredo/utilsR/../new_scheme6/analy/paracou-Q-2191-02-00-000000-g01.h5 
/user/scratchdelcatty/gent/gvo000/gvo00074/manfredo/utilsR/../new_scheme6/analy/paracou-Q-2191-03-00-000000-g01.h5 
/user/scratchdelcatty/gent/gvo000/gvo00074/manfredo/utilsR/../new_scheme6/analy/paracou-Q-2191-04-00-000000-g01.h5 
/user/scratchdelcatty/gent/gvo000/gvo00074/manfredo/utilsR/../new_scheme6/analy/paracou-Q-2191-05-00-000000-g01.h5 
/user/scratchdelcatty/gent/gvo000/gvo00074/manfredo/utilsR/../new_scheme6/analy/paracou-Q-2191-06-00-000000-g01.h5 
/user/scratchdelcatty/gent/gvo000/gvo00074/manfredo/utilsR/../new_scheme6/analy/paracou-Q-2191-07-00-000000-g01.h5 
/user/scratchdelcatty/gent/gvo000/gvo00074/manfredo/utilsR/../new_scheme6/analy/paracou-Q-2191-08-00-000000-g01.h5 
/user/scratchdelcatty/gent/gvo000/gvo00074/manfredo/utilsR/../new_scheme6/analy/paracou-Q-2191-09-00-000000-g01.h5 
/user/scratchdelcatty/gent/gvo000/gvo00074/manfredo/utilsR/../new_scheme6/analy/paracou-Q-2191-10-00-000000-g01.h5 
/user/scratchdelcatty/gent/gvo000/gvo00074/manfredo/utilsR/../new_scheme6/analy/paracou-Q-2191-11-00-000000-g01.h5 
/user/scratchdelcatty/gent/gvo000/gvo00074/manfredo/utilsR/../new_scheme6/analy/paracou-Q-2191-12-00-000000-g01.h5 
    - Reading data from year  2192 ... 
/user/scratchdelcatty/gent/gvo000/gvo00074/manfredo/utilsR/../new_scheme6/analy/paracou-Q-2192-01-00-000000-g01.h5 
/user/scratchdelcatty/gent/gvo000/gvo00074/manfredo/utilsR/../new_scheme6/analy/paracou-Q-2192-02-00-000000-g01.h5 
/user/scratchdelcatty/gent/gvo000/gvo00074/manfredo/utilsR/../new_scheme6/analy/paracou-Q-2192-03-00-000000-g01.h5 
/user/scratchdelcatty/gent/gvo000/gvo00074/manfredo/utilsR/../new_scheme6/analy/paracou-Q-2192-04-00-000000-g01.h5 
/user/scratchdelcatty/gent/gvo000/gvo00074/manfredo/utilsR/../new_scheme6/analy/paracou-Q-2192-05-00-000000-g01.h5 
/user/scratchdelcatty/gent/gvo000/gvo00074/manfredo/utilsR/../new_scheme6/analy/paracou-Q-2192-06-00-000000-g01.h5 
/user/scratchdelcatty/gent/gvo000/gvo00074/manfredo/utilsR/../new_scheme6/analy/paracou-Q-2192-07-00-000000-g01.h5 
/user/scratchdelcatty/gent/gvo000/gvo00074/manfredo/utilsR/../new_scheme6/analy/paracou-Q-2192-08-00-000000-g01.h5 
/user/scratchdelcatty/gent/gvo000/gvo00074/manfredo/utilsR/../new_scheme6/analy/paracou-Q-2192-09-00-000000-g01.h5 
/user/scratchdelcatty/gent/gvo000/gvo00074/manfredo/utilsR/../new_scheme6/analy/paracou-Q-2192-10-00-000000-g01.h5 
/user/scratchdelcatty/gent/gvo000/gvo00074/manfredo/utilsR/../new_scheme6/analy/paracou-Q-2192-11-00-000000-g01.h5 
/user/scratchdelcatty/gent/gvo000/gvo00074/manfredo/utilsR/../new_scheme6/analy/paracou-Q-2192-12-00-000000-g01.h5 
    - Reading data from year  2193 ... 
/user/scratchdelcatty/gent/gvo000/gvo00074/manfredo/utilsR/../new_scheme6/analy/paracou-Q-2193-01-00-000000-g01.h5 
/user/scratchdelcatty/gent/gvo000/gvo00074/manfredo/utilsR/../new_scheme6/analy/paracou-Q-2193-02-00-000000-g01.h5 
/user/scratchdelcatty/gent/gvo000/gvo00074/manfredo/utilsR/../new_scheme6/analy/paracou-Q-2193-03-00-000000-g01.h5 
/user/scratchdelcatty/gent/gvo000/gvo00074/manfredo/utilsR/../new_scheme6/analy/paracou-Q-2193-04-00-000000-g01.h5 
/user/scratchdelcatty/gent/gvo000/gvo00074/manfredo/utilsR/../new_scheme6/analy/paracou-Q-2193-05-00-000000-g01.h5 
/user/scratchdelcatty/gent/gvo000/gvo00074/manfredo/utilsR/../new_scheme6/analy/paracou-Q-2193-06-00-000000-g01.h5 
/user/scratchdelcatty/gent/gvo000/gvo00074/manfredo/utilsR/../new_scheme6/analy/paracou-Q-2193-07-00-000000-g01.h5 
/user/scratchdelcatty/gent/gvo000/gvo00074/manfredo/utilsR/../new_scheme6/analy/paracou-Q-2193-08-00-000000-g01.h5 
/user/scratchdelcatty/gent/gvo000/gvo00074/manfredo/utilsR/../new_scheme6/analy/paracou-Q-2193-09-00-000000-g01.h5 
/user/scratchdelcatty/gent/gvo000/gvo00074/manfredo/utilsR/../new_scheme6/analy/paracou-Q-2193-10-00-000000-g01.h5 
/user/scratchdelcatty/gent/gvo000/gvo00074/manfredo/utilsR/../new_scheme6/analy/paracou-Q-2193-11-00-000000-g01.h5 
/user/scratchdelcatty/gent/gvo000/gvo00074/manfredo/utilsR/../new_scheme6/analy/paracou-Q-2193-12-00-000000-g01.h5 
    - Reading data from year  2194 ... 
/user/scratchdelcatty/gent/gvo000/gvo00074/manfredo/utilsR/../new_scheme6/analy/paracou-Q-2194-01-00-000000-g01.h5 
/user/scratchdelcatty/gent/gvo000/gvo00074/manfredo/utilsR/../new_scheme6/analy/paracou-Q-2194-02-00-000000-g01.h5 
/user/scratchdelcatty/gent/gvo000/gvo00074/manfredo/utilsR/../new_scheme6/analy/paracou-Q-2194-03-00-000000-g01.h5 
/user/scratchdelcatty/gent/gvo000/gvo00074/manfredo/utilsR/../new_scheme6/analy/paracou-Q-2194-04-00-000000-g01.h5 
/user/scratchdelcatty/gent/gvo000/gvo00074/manfredo/utilsR/../new_scheme6/analy/paracou-Q-2194-05-00-000000-g01.h5 
/user/scratchdelcatty/gent/gvo000/gvo00074/manfredo/utilsR/../new_scheme6/analy/paracou-Q-2194-06-00-000000-g01.h5 
/user/scratchdelcatty/gent/gvo000/gvo00074/manfredo/utilsR/../new_scheme6/analy/paracou-Q-2194-07-00-000000-g01.h5 
/user/scratchdelcatty/gent/gvo000/gvo00074/manfredo/utilsR/../new_scheme6/analy/paracou-Q-2194-08-00-000000-g01.h5 
/user/scratchdelcatty/gent/gvo000/gvo00074/manfredo/utilsR/../new_scheme6/analy/paracou-Q-2194-09-00-000000-g01.h5 
/user/scratchdelcatty/gent/gvo000/gvo00074/manfredo/utilsR/../new_scheme6/analy/paracou-Q-2194-10-00-000000-g01.h5 
/user/scratchdelcatty/gent/gvo000/gvo00074/manfredo/utilsR/../new_scheme6/analy/paracou-Q-2194-11-00-000000-g01.h5 
/user/scratchdelcatty/gent/gvo000/gvo00074/manfredo/utilsR/../new_scheme6/analy/paracou-Q-2194-12-00-000000-g01.h5 
    - Reading data from year  2195 ... 
/user/scratchdelcatty/gent/gvo000/gvo00074/manfredo/utilsR/../new_scheme6/analy/paracou-Q-2195-01-00-000000-g01.h5 
/user/scratchdelcatty/gent/gvo000/gvo00074/manfredo/utilsR/../new_scheme6/analy/paracou-Q-2195-02-00-000000-g01.h5 
/user/scratchdelcatty/gent/gvo000/gvo00074/manfredo/utilsR/../new_scheme6/analy/paracou-Q-2195-03-00-000000-g01.h5 
/user/scratchdelcatty/gent/gvo000/gvo00074/manfredo/utilsR/../new_scheme6/analy/paracou-Q-2195-04-00-000000-g01.h5 
/user/scratchdelcatty/gent/gvo000/gvo00074/manfredo/utilsR/../new_scheme6/analy/paracou-Q-2195-05-00-000000-g01.h5 
/user/scratchdelcatty/gent/gvo000/gvo00074/manfredo/utilsR/../new_scheme6/analy/paracou-Q-2195-06-00-000000-g01.h5 
/user/scratchdelcatty/gent/gvo000/gvo00074/manfredo/utilsR/../new_scheme6/analy/paracou-Q-2195-07-00-000000-g01.h5 
/user/scratchdelcatty/gent/gvo000/gvo00074/manfredo/utilsR/../new_scheme6/analy/paracou-Q-2195-08-00-000000-g01.h5 
/user/scratchdelcatty/gent/gvo000/gvo00074/manfredo/utilsR/../new_scheme6/analy/paracou-Q-2195-09-00-000000-g01.h5 
/user/scratchdelcatty/gent/gvo000/gvo00074/manfredo/utilsR/../new_scheme6/analy/paracou-Q-2195-10-00-000000-g01.h5 
/user/scratchdelcatty/gent/gvo000/gvo00074/manfredo/utilsR/../new_scheme6/analy/paracou-Q-2195-11-00-000000-g01.h5 
/user/scratchdelcatty/gent/gvo000/gvo00074/manfredo/utilsR/../new_scheme6/analy/paracou-Q-2195-12-00-000000-g01.h5 
    - Reading data from year  2196 ... 
/user/scratchdelcatty/gent/gvo000/gvo00074/manfredo/utilsR/../new_scheme6/analy/paracou-Q-2196-01-00-000000-g01.h5 
/user/scratchdelcatty/gent/gvo000/gvo00074/manfredo/utilsR/../new_scheme6/analy/paracou-Q-2196-02-00-000000-g01.h5 
/user/scratchdelcatty/gent/gvo000/gvo00074/manfredo/utilsR/../new_scheme6/analy/paracou-Q-2196-03-00-000000-g01.h5 
/user/scratchdelcatty/gent/gvo000/gvo00074/manfredo/utilsR/../new_scheme6/analy/paracou-Q-2196-04-00-000000-g01.h5 
/user/scratchdelcatty/gent/gvo000/gvo00074/manfredo/utilsR/../new_scheme6/analy/paracou-Q-2196-05-00-000000-g01.h5 
/user/scratchdelcatty/gent/gvo000/gvo00074/manfredo/utilsR/../new_scheme6/analy/paracou-Q-2196-06-00-000000-g01.h5 
/user/scratchdelcatty/gent/gvo000/gvo00074/manfredo/utilsR/../new_scheme6/analy/paracou-Q-2196-07-00-000000-g01.h5 
/user/scratchdelcatty/gent/gvo000/gvo00074/manfredo/utilsR/../new_scheme6/analy/paracou-Q-2196-08-00-000000-g01.h5 
/user/scratchdelcatty/gent/gvo000/gvo00074/manfredo/utilsR/../new_scheme6/analy/paracou-Q-2196-09-00-000000-g01.h5 
/user/scratchdelcatty/gent/gvo000/gvo00074/manfredo/utilsR/../new_scheme6/analy/paracou-Q-2196-10-00-000000-g01.h5 
/user/scratchdelcatty/gent/gvo000/gvo00074/manfredo/utilsR/../new_scheme6/analy/paracou-Q-2196-11-00-000000-g01.h5 
/user/scratchdelcatty/gent/gvo000/gvo00074/manfredo/utilsR/../new_scheme6/analy/paracou-Q-2196-12-00-000000-g01.h5 
    - Reading data from year  2197 ... 
/user/scratchdelcatty/gent/gvo000/gvo00074/manfredo/utilsR/../new_scheme6/analy/paracou-Q-2197-01-00-000000-g01.h5 
/user/scratchdelcatty/gent/gvo000/gvo00074/manfredo/utilsR/../new_scheme6/analy/paracou-Q-2197-02-00-000000-g01.h5 
/user/scratchdelcatty/gent/gvo000/gvo00074/manfredo/utilsR/../new_scheme6/analy/paracou-Q-2197-03-00-000000-g01.h5 
/user/scratchdelcatty/gent/gvo000/gvo00074/manfredo/utilsR/../new_scheme6/analy/paracou-Q-2197-04-00-000000-g01.h5 
/user/scratchdelcatty/gent/gvo000/gvo00074/manfredo/utilsR/../new_scheme6/analy/paracou-Q-2197-05-00-000000-g01.h5 
/user/scratchdelcatty/gent/gvo000/gvo00074/manfredo/utilsR/../new_scheme6/analy/paracou-Q-2197-06-00-000000-g01.h5 
/user/scratchdelcatty/gent/gvo000/gvo00074/manfredo/utilsR/../new_scheme6/analy/paracou-Q-2197-07-00-000000-g01.h5 
/user/scratchdelcatty/gent/gvo000/gvo00074/manfredo/utilsR/../new_scheme6/analy/paracou-Q-2197-08-00-000000-g01.h5 
/user/scratchdelcatty/gent/gvo000/gvo00074/manfredo/utilsR/../new_scheme6/analy/paracou-Q-2197-09-00-000000-g01.h5 
/user/scratchdelcatty/gent/gvo000/gvo00074/manfredo/utilsR/../new_scheme6/analy/paracou-Q-2197-10-00-000000-g01.h5 
/user/scratchdelcatty/gent/gvo000/gvo00074/manfredo/utilsR/../new_scheme6/analy/paracou-Q-2197-11-00-000000-g01.h5 
/user/scratchdelcatty/gent/gvo000/gvo00074/manfredo/utilsR/../new_scheme6/analy/paracou-Q-2197-12-00-000000-g01.h5 
    - Reading data from year  2198 ... 
/user/scratchdelcatty/gent/gvo000/gvo00074/manfredo/utilsR/../new_scheme6/analy/paracou-Q-2198-01-00-000000-g01.h5 
/user/scratchdelcatty/gent/gvo000/gvo00074/manfredo/utilsR/../new_scheme6/analy/paracou-Q-2198-02-00-000000-g01.h5 
/user/scratchdelcatty/gent/gvo000/gvo00074/manfredo/utilsR/../new_scheme6/analy/paracou-Q-2198-03-00-000000-g01.h5 
/user/scratchdelcatty/gent/gvo000/gvo00074/manfredo/utilsR/../new_scheme6/analy/paracou-Q-2198-04-00-000000-g01.h5 
/user/scratchdelcatty/gent/gvo000/gvo00074/manfredo/utilsR/../new_scheme6/analy/paracou-Q-2198-05-00-000000-g01.h5 
/user/scratchdelcatty/gent/gvo000/gvo00074/manfredo/utilsR/../new_scheme6/analy/paracou-Q-2198-06-00-000000-g01.h5 
/user/scratchdelcatty/gent/gvo000/gvo00074/manfredo/utilsR/../new_scheme6/analy/paracou-Q-2198-07-00-000000-g01.h5 
/user/scratchdelcatty/gent/gvo000/gvo00074/manfredo/utilsR/../new_scheme6/analy/paracou-Q-2198-08-00-000000-g01.h5 
/user/scratchdelcatty/gent/gvo000/gvo00074/manfredo/utilsR/../new_scheme6/analy/paracou-Q-2198-09-00-000000-g01.h5 
/user/scratchdelcatty/gent/gvo000/gvo00074/manfredo/utilsR/../new_scheme6/analy/paracou-Q-2198-10-00-000000-g01.h5 
/user/scratchdelcatty/gent/gvo000/gvo00074/manfredo/utilsR/../new_scheme6/analy/paracou-Q-2198-11-00-000000-g01.h5 
/user/scratchdelcatty/gent/gvo000/gvo00074/manfredo/utilsR/../new_scheme6/analy/paracou-Q-2198-12-00-000000-g01.h5 
    - Reading data from year  2199 ... 
/user/scratchdelcatty/gent/gvo000/gvo00074/manfredo/utilsR/../new_scheme6/analy/paracou-Q-2199-01-00-000000-g01.h5 
/user/scratchdelcatty/gent/gvo000/gvo00074/manfredo/utilsR/../new_scheme6/analy/paracou-Q-2199-02-00-000000-g01.h5 
/user/scratchdelcatty/gent/gvo000/gvo00074/manfredo/utilsR/../new_scheme6/analy/paracou-Q-2199-03-00-000000-g01.h5 
/user/scratchdelcatty/gent/gvo000/gvo00074/manfredo/utilsR/../new_scheme6/analy/paracou-Q-2199-04-00-000000-g01.h5 
/user/scratchdelcatty/gent/gvo000/gvo00074/manfredo/utilsR/../new_scheme6/analy/paracou-Q-2199-05-00-000000-g01.h5 
/user/scratchdelcatty/gent/gvo000/gvo00074/manfredo/utilsR/../new_scheme6/analy/paracou-Q-2199-06-00-000000-g01.h5 
/user/scratchdelcatty/gent/gvo000/gvo00074/manfredo/utilsR/../new_scheme6/analy/paracou-Q-2199-07-00-000000-g01.h5 
/user/scratchdelcatty/gent/gvo000/gvo00074/manfredo/utilsR/../new_scheme6/analy/paracou-Q-2199-08-00-000000-g01.h5 
/user/scratchdelcatty/gent/gvo000/gvo00074/manfredo/utilsR/../new_scheme6/analy/paracou-Q-2199-09-00-000000-g01.h5 
/user/scratchdelcatty/gent/gvo000/gvo00074/manfredo/utilsR/../new_scheme6/analy/paracou-Q-2199-10-00-000000-g01.h5 
/user/scratchdelcatty/gent/gvo000/gvo00074/manfredo/utilsR/../new_scheme6/analy/paracou-Q-2199-11-00-000000-g01.h5 
/user/scratchdelcatty/gent/gvo000/gvo00074/manfredo/utilsR/../new_scheme6/analy/paracou-Q-2199-12-00-000000-g01.h5 
    - Reading data from year  2200 ... 
/user/scratchdelcatty/gent/gvo000/gvo00074/manfredo/utilsR/../new_scheme6/analy/paracou-Q-2200-01-00-000000-g01.h5 
/user/scratchdelcatty/gent/gvo000/gvo00074/manfredo/utilsR/../new_scheme6/analy/paracou-Q-2200-02-00-000000-g01.h5 
/user/scratchdelcatty/gent/gvo000/gvo00074/manfredo/utilsR/../new_scheme6/analy/paracou-Q-2200-03-00-000000-g01.h5 
/user/scratchdelcatty/gent/gvo000/gvo00074/manfredo/utilsR/../new_scheme6/analy/paracou-Q-2200-04-00-000000-g01.h5 
/user/scratchdelcatty/gent/gvo000/gvo00074/manfredo/utilsR/../new_scheme6/analy/paracou-Q-2200-05-00-000000-g01.h5 
/user/scratchdelcatty/gent/gvo000/gvo00074/manfredo/utilsR/../new_scheme6/analy/paracou-Q-2200-06-00-000000-g01.h5 
/user/scratchdelcatty/gent/gvo000/gvo00074/manfredo/utilsR/../new_scheme6/analy/paracou-Q-2200-07-00-000000-g01.h5 
/user/scratchdelcatty/gent/gvo000/gvo00074/manfredo/utilsR/../new_scheme6/analy/paracou-Q-2200-08-00-000000-g01.h5 
/user/scratchdelcatty/gent/gvo000/gvo00074/manfredo/utilsR/../new_scheme6/analy/paracou-Q-2200-09-00-000000-g01.h5 
/user/scratchdelcatty/gent/gvo000/gvo00074/manfredo/utilsR/../new_scheme6/analy/paracou-Q-2200-10-00-000000-g01.h5 
/user/scratchdelcatty/gent/gvo000/gvo00074/manfredo/utilsR/../new_scheme6/analy/paracou-Q-2200-11-00-000000-g01.h5 
/user/scratchdelcatty/gent/gvo000/gvo00074/manfredo/utilsR/../new_scheme6/analy/paracou-Q-2200-12-00-000000-g01.h5 
    - Reading data from year  2201 ... 
/user/scratchdelcatty/gent/gvo000/gvo00074/manfredo/utilsR/../new_scheme6/analy/paracou-Q-2201-01-00-000000-g01.h5 
/user/scratchdelcatty/gent/gvo000/gvo00074/manfredo/utilsR/../new_scheme6/analy/paracou-Q-2201-02-00-000000-g01.h5 
/user/scratchdelcatty/gent/gvo000/gvo00074/manfredo/utilsR/../new_scheme6/analy/paracou-Q-2201-03-00-000000-g01.h5 
/user/scratchdelcatty/gent/gvo000/gvo00074/manfredo/utilsR/../new_scheme6/analy/paracou-Q-2201-04-00-000000-g01.h5 
/user/scratchdelcatty/gent/gvo000/gvo00074/manfredo/utilsR/../new_scheme6/analy/paracou-Q-2201-05-00-000000-g01.h5 
/user/scratchdelcatty/gent/gvo000/gvo00074/manfredo/utilsR/../new_scheme6/analy/paracou-Q-2201-06-00-000000-g01.h5 
/user/scratchdelcatty/gent/gvo000/gvo00074/manfredo/utilsR/../new_scheme6/analy/paracou-Q-2201-07-00-000000-g01.h5 
/user/scratchdelcatty/gent/gvo000/gvo00074/manfredo/utilsR/../new_scheme6/analy/paracou-Q-2201-08-00-000000-g01.h5 
/user/scratchdelcatty/gent/gvo000/gvo00074/manfredo/utilsR/../new_scheme6/analy/paracou-Q-2201-09-00-000000-g01.h5 
/user/scratchdelcatty/gent/gvo000/gvo00074/manfredo/utilsR/../new_scheme6/analy/paracou-Q-2201-10-00-000000-g01.h5 
/user/scratchdelcatty/gent/gvo000/gvo00074/manfredo/utilsR/../new_scheme6/analy/paracou-Q-2201-11-00-000000-g01.h5 
/user/scratchdelcatty/gent/gvo000/gvo00074/manfredo/utilsR/../new_scheme6/analy/paracou-Q-2201-12-00-000000-g01.h5 
    - Reading data from year  2202 ... 
/user/scratchdelcatty/gent/gvo000/gvo00074/manfredo/utilsR/../new_scheme6/analy/paracou-Q-2202-01-00-000000-g01.h5 
/user/scratchdelcatty/gent/gvo000/gvo00074/manfredo/utilsR/../new_scheme6/analy/paracou-Q-2202-02-00-000000-g01.h5 
/user/scratchdelcatty/gent/gvo000/gvo00074/manfredo/utilsR/../new_scheme6/analy/paracou-Q-2202-03-00-000000-g01.h5 
/user/scratchdelcatty/gent/gvo000/gvo00074/manfredo/utilsR/../new_scheme6/analy/paracou-Q-2202-04-00-000000-g01.h5 
/user/scratchdelcatty/gent/gvo000/gvo00074/manfredo/utilsR/../new_scheme6/analy/paracou-Q-2202-05-00-000000-g01.h5 
/user/scratchdelcatty/gent/gvo000/gvo00074/manfredo/utilsR/../new_scheme6/analy/paracou-Q-2202-06-00-000000-g01.h5 
/user/scratchdelcatty/gent/gvo000/gvo00074/manfredo/utilsR/../new_scheme6/analy/paracou-Q-2202-07-00-000000-g01.h5 
/user/scratchdelcatty/gent/gvo000/gvo00074/manfredo/utilsR/../new_scheme6/analy/paracou-Q-2202-08-00-000000-g01.h5 
/user/scratchdelcatty/gent/gvo000/gvo00074/manfredo/utilsR/../new_scheme6/analy/paracou-Q-2202-09-00-000000-g01.h5 
/user/scratchdelcatty/gent/gvo000/gvo00074/manfredo/utilsR/../new_scheme6/analy/paracou-Q-2202-10-00-000000-g01.h5 
/user/scratchdelcatty/gent/gvo000/gvo00074/manfredo/utilsR/../new_scheme6/analy/paracou-Q-2202-11-00-000000-g01.h5 
/user/scratchdelcatty/gent/gvo000/gvo00074/manfredo/utilsR/../new_scheme6/analy/paracou-Q-2202-12-00-000000-g01.h5 
    - Reading data from year  2203 ... 
/user/scratchdelcatty/gent/gvo000/gvo00074/manfredo/utilsR/../new_scheme6/analy/paracou-Q-2203-01-00-000000-g01.h5 
/user/scratchdelcatty/gent/gvo000/gvo00074/manfredo/utilsR/../new_scheme6/analy/paracou-Q-2203-02-00-000000-g01.h5 
/user/scratchdelcatty/gent/gvo000/gvo00074/manfredo/utilsR/../new_scheme6/analy/paracou-Q-2203-03-00-000000-g01.h5 
/user/scratchdelcatty/gent/gvo000/gvo00074/manfredo/utilsR/../new_scheme6/analy/paracou-Q-2203-04-00-000000-g01.h5 
/user/scratchdelcatty/gent/gvo000/gvo00074/manfredo/utilsR/../new_scheme6/analy/paracou-Q-2203-05-00-000000-g01.h5 
/user/scratchdelcatty/gent/gvo000/gvo00074/manfredo/utilsR/../new_scheme6/analy/paracou-Q-2203-06-00-000000-g01.h5 
/user/scratchdelcatty/gent/gvo000/gvo00074/manfredo/utilsR/../new_scheme6/analy/paracou-Q-2203-07-00-000000-g01.h5 
/user/scratchdelcatty/gent/gvo000/gvo00074/manfredo/utilsR/../new_scheme6/analy/paracou-Q-2203-08-00-000000-g01.h5 
/user/scratchdelcatty/gent/gvo000/gvo00074/manfredo/utilsR/../new_scheme6/analy/paracou-Q-2203-09-00-000000-g01.h5 
/user/scratchdelcatty/gent/gvo000/gvo00074/manfredo/utilsR/../new_scheme6/analy/paracou-Q-2203-10-00-000000-g01.h5 
/user/scratchdelcatty/gent/gvo000/gvo00074/manfredo/utilsR/../new_scheme6/analy/paracou-Q-2203-11-00-000000-g01.h5 
/user/scratchdelcatty/gent/gvo000/gvo00074/manfredo/utilsR/../new_scheme6/analy/paracou-Q-2203-12-00-000000-g01.h5 
    - Reading data from year  2204 ... 
/user/scratchdelcatty/gent/gvo000/gvo00074/manfredo/utilsR/../new_scheme6/analy/paracou-Q-2204-01-00-000000-g01.h5 
/user/scratchdelcatty/gent/gvo000/gvo00074/manfredo/utilsR/../new_scheme6/analy/paracou-Q-2204-02-00-000000-g01.h5 
/user/scratchdelcatty/gent/gvo000/gvo00074/manfredo/utilsR/../new_scheme6/analy/paracou-Q-2204-03-00-000000-g01.h5 
/user/scratchdelcatty/gent/gvo000/gvo00074/manfredo/utilsR/../new_scheme6/analy/paracou-Q-2204-04-00-000000-g01.h5 
/user/scratchdelcatty/gent/gvo000/gvo00074/manfredo/utilsR/../new_scheme6/analy/paracou-Q-2204-05-00-000000-g01.h5 
/user/scratchdelcatty/gent/gvo000/gvo00074/manfredo/utilsR/../new_scheme6/analy/paracou-Q-2204-06-00-000000-g01.h5 
/user/scratchdelcatty/gent/gvo000/gvo00074/manfredo/utilsR/../new_scheme6/analy/paracou-Q-2204-07-00-000000-g01.h5 
/user/scratchdelcatty/gent/gvo000/gvo00074/manfredo/utilsR/../new_scheme6/analy/paracou-Q-2204-08-00-000000-g01.h5 
/user/scratchdelcatty/gent/gvo000/gvo00074/manfredo/utilsR/../new_scheme6/analy/paracou-Q-2204-09-00-000000-g01.h5 
/user/scratchdelcatty/gent/gvo000/gvo00074/manfredo/utilsR/../new_scheme6/analy/paracou-Q-2204-10-00-000000-g01.h5 
/user/scratchdelcatty/gent/gvo000/gvo00074/manfredo/utilsR/../new_scheme6/analy/paracou-Q-2204-11-00-000000-g01.h5 
/user/scratchdelcatty/gent/gvo000/gvo00074/manfredo/utilsR/../new_scheme6/analy/paracou-Q-2204-12-00-000000-g01.h5 
    - Reading data from year  2205 ... 
/user/scratchdelcatty/gent/gvo000/gvo00074/manfredo/utilsR/../new_scheme6/analy/paracou-Q-2205-01-00-000000-g01.h5 
/user/scratchdelcatty/gent/gvo000/gvo00074/manfredo/utilsR/../new_scheme6/analy/paracou-Q-2205-02-00-000000-g01.h5 
/user/scratchdelcatty/gent/gvo000/gvo00074/manfredo/utilsR/../new_scheme6/analy/paracou-Q-2205-03-00-000000-g01.h5 
/user/scratchdelcatty/gent/gvo000/gvo00074/manfredo/utilsR/../new_scheme6/analy/paracou-Q-2205-04-00-000000-g01.h5 
/user/scratchdelcatty/gent/gvo000/gvo00074/manfredo/utilsR/../new_scheme6/analy/paracou-Q-2205-05-00-000000-g01.h5 
/user/scratchdelcatty/gent/gvo000/gvo00074/manfredo/utilsR/../new_scheme6/analy/paracou-Q-2205-06-00-000000-g01.h5 
/user/scratchdelcatty/gent/gvo000/gvo00074/manfredo/utilsR/../new_scheme6/analy/paracou-Q-2205-07-00-000000-g01.h5 
/user/scratchdelcatty/gent/gvo000/gvo00074/manfredo/utilsR/../new_scheme6/analy/paracou-Q-2205-08-00-000000-g01.h5 
/user/scratchdelcatty/gent/gvo000/gvo00074/manfredo/utilsR/../new_scheme6/analy/paracou-Q-2205-09-00-000000-g01.h5 
/user/scratchdelcatty/gent/gvo000/gvo00074/manfredo/utilsR/../new_scheme6/analy/paracou-Q-2205-10-00-000000-g01.h5 
/user/scratchdelcatty/gent/gvo000/gvo00074/manfredo/utilsR/../new_scheme6/analy/paracou-Q-2205-11-00-000000-g01.h5 
/user/scratchdelcatty/gent/gvo000/gvo00074/manfredo/utilsR/../new_scheme6/analy/paracou-Q-2205-12-00-000000-g01.h5 
    - Reading data from year  2206 ... 
/user/scratchdelcatty/gent/gvo000/gvo00074/manfredo/utilsR/../new_scheme6/analy/paracou-Q-2206-01-00-000000-g01.h5 
/user/scratchdelcatty/gent/gvo000/gvo00074/manfredo/utilsR/../new_scheme6/analy/paracou-Q-2206-02-00-000000-g01.h5 
/user/scratchdelcatty/gent/gvo000/gvo00074/manfredo/utilsR/../new_scheme6/analy/paracou-Q-2206-03-00-000000-g01.h5 
/user/scratchdelcatty/gent/gvo000/gvo00074/manfredo/utilsR/../new_scheme6/analy/paracou-Q-2206-04-00-000000-g01.h5 
/user/scratchdelcatty/gent/gvo000/gvo00074/manfredo/utilsR/../new_scheme6/analy/paracou-Q-2206-05-00-000000-g01.h5 
/user/scratchdelcatty/gent/gvo000/gvo00074/manfredo/utilsR/../new_scheme6/analy/paracou-Q-2206-06-00-000000-g01.h5 
/user/scratchdelcatty/gent/gvo000/gvo00074/manfredo/utilsR/../new_scheme6/analy/paracou-Q-2206-07-00-000000-g01.h5 
/user/scratchdelcatty/gent/gvo000/gvo00074/manfredo/utilsR/../new_scheme6/analy/paracou-Q-2206-08-00-000000-g01.h5 
/user/scratchdelcatty/gent/gvo000/gvo00074/manfredo/utilsR/../new_scheme6/analy/paracou-Q-2206-09-00-000000-g01.h5 
/user/scratchdelcatty/gent/gvo000/gvo00074/manfredo/utilsR/../new_scheme6/analy/paracou-Q-2206-10-00-000000-g01.h5 
/user/scratchdelcatty/gent/gvo000/gvo00074/manfredo/utilsR/../new_scheme6/analy/paracou-Q-2206-11-00-000000-g01.h5 
/user/scratchdelcatty/gent/gvo000/gvo00074/manfredo/utilsR/../new_scheme6/analy/paracou-Q-2206-12-00-000000-g01.h5 
    - Reading data from year  2207 ... 
/user/scratchdelcatty/gent/gvo000/gvo00074/manfredo/utilsR/../new_scheme6/analy/paracou-Q-2207-01-00-000000-g01.h5 
/user/scratchdelcatty/gent/gvo000/gvo00074/manfredo/utilsR/../new_scheme6/analy/paracou-Q-2207-02-00-000000-g01.h5 
/user/scratchdelcatty/gent/gvo000/gvo00074/manfredo/utilsR/../new_scheme6/analy/paracou-Q-2207-03-00-000000-g01.h5 
/user/scratchdelcatty/gent/gvo000/gvo00074/manfredo/utilsR/../new_scheme6/analy/paracou-Q-2207-04-00-000000-g01.h5 
/user/scratchdelcatty/gent/gvo000/gvo00074/manfredo/utilsR/../new_scheme6/analy/paracou-Q-2207-05-00-000000-g01.h5 
/user/scratchdelcatty/gent/gvo000/gvo00074/manfredo/utilsR/../new_scheme6/analy/paracou-Q-2207-06-00-000000-g01.h5 
/user/scratchdelcatty/gent/gvo000/gvo00074/manfredo/utilsR/../new_scheme6/analy/paracou-Q-2207-07-00-000000-g01.h5 
/user/scratchdelcatty/gent/gvo000/gvo00074/manfredo/utilsR/../new_scheme6/analy/paracou-Q-2207-08-00-000000-g01.h5 
/user/scratchdelcatty/gent/gvo000/gvo00074/manfredo/utilsR/../new_scheme6/analy/paracou-Q-2207-09-00-000000-g01.h5 
/user/scratchdelcatty/gent/gvo000/gvo00074/manfredo/utilsR/../new_scheme6/analy/paracou-Q-2207-10-00-000000-g01.h5 
/user/scratchdelcatty/gent/gvo000/gvo00074/manfredo/utilsR/../new_scheme6/analy/paracou-Q-2207-11-00-000000-g01.h5 
/user/scratchdelcatty/gent/gvo000/gvo00074/manfredo/utilsR/../new_scheme6/analy/paracou-Q-2207-12-00-000000-g01.h5 
    - Reading data from year  2208 ... 
/user/scratchdelcatty/gent/gvo000/gvo00074/manfredo/utilsR/../new_scheme6/analy/paracou-Q-2208-01-00-000000-g01.h5 
/user/scratchdelcatty/gent/gvo000/gvo00074/manfredo/utilsR/../new_scheme6/analy/paracou-Q-2208-02-00-000000-g01.h5 
/user/scratchdelcatty/gent/gvo000/gvo00074/manfredo/utilsR/../new_scheme6/analy/paracou-Q-2208-03-00-000000-g01.h5 
/user/scratchdelcatty/gent/gvo000/gvo00074/manfredo/utilsR/../new_scheme6/analy/paracou-Q-2208-04-00-000000-g01.h5 
/user/scratchdelcatty/gent/gvo000/gvo00074/manfredo/utilsR/../new_scheme6/analy/paracou-Q-2208-05-00-000000-g01.h5 
/user/scratchdelcatty/gent/gvo000/gvo00074/manfredo/utilsR/../new_scheme6/analy/paracou-Q-2208-06-00-000000-g01.h5 
/user/scratchdelcatty/gent/gvo000/gvo00074/manfredo/utilsR/../new_scheme6/analy/paracou-Q-2208-07-00-000000-g01.h5 
/user/scratchdelcatty/gent/gvo000/gvo00074/manfredo/utilsR/../new_scheme6/analy/paracou-Q-2208-08-00-000000-g01.h5 
/user/scratchdelcatty/gent/gvo000/gvo00074/manfredo/utilsR/../new_scheme6/analy/paracou-Q-2208-09-00-000000-g01.h5 
/user/scratchdelcatty/gent/gvo000/gvo00074/manfredo/utilsR/../new_scheme6/analy/paracou-Q-2208-10-00-000000-g01.h5 
/user/scratchdelcatty/gent/gvo000/gvo00074/manfredo/utilsR/../new_scheme6/analy/paracou-Q-2208-11-00-000000-g01.h5 
/user/scratchdelcatty/gent/gvo000/gvo00074/manfredo/utilsR/../new_scheme6/analy/paracou-Q-2208-12-00-000000-g01.h5 
    - Reading data from year  2209 ... 
/user/scratchdelcatty/gent/gvo000/gvo00074/manfredo/utilsR/../new_scheme6/analy/paracou-Q-2209-01-00-000000-g01.h5 
/user/scratchdelcatty/gent/gvo000/gvo00074/manfredo/utilsR/../new_scheme6/analy/paracou-Q-2209-02-00-000000-g01.h5 
/user/scratchdelcatty/gent/gvo000/gvo00074/manfredo/utilsR/../new_scheme6/analy/paracou-Q-2209-03-00-000000-g01.h5 
/user/scratchdelcatty/gent/gvo000/gvo00074/manfredo/utilsR/../new_scheme6/analy/paracou-Q-2209-04-00-000000-g01.h5 
/user/scratchdelcatty/gent/gvo000/gvo00074/manfredo/utilsR/../new_scheme6/analy/paracou-Q-2209-05-00-000000-g01.h5 
/user/scratchdelcatty/gent/gvo000/gvo00074/manfredo/utilsR/../new_scheme6/analy/paracou-Q-2209-06-00-000000-g01.h5 
/user/scratchdelcatty/gent/gvo000/gvo00074/manfredo/utilsR/../new_scheme6/analy/paracou-Q-2209-07-00-000000-g01.h5 
/user/scratchdelcatty/gent/gvo000/gvo00074/manfredo/utilsR/../new_scheme6/analy/paracou-Q-2209-08-00-000000-g01.h5 
/user/scratchdelcatty/gent/gvo000/gvo00074/manfredo/utilsR/../new_scheme6/analy/paracou-Q-2209-09-00-000000-g01.h5 
/user/scratchdelcatty/gent/gvo000/gvo00074/manfredo/utilsR/../new_scheme6/analy/paracou-Q-2209-10-00-000000-g01.h5 
/user/scratchdelcatty/gent/gvo000/gvo00074/manfredo/utilsR/../new_scheme6/analy/paracou-Q-2209-11-00-000000-g01.h5 
/user/scratchdelcatty/gent/gvo000/gvo00074/manfredo/utilsR/../new_scheme6/analy/paracou-Q-2209-12-00-000000-g01.h5 
    - Reading data from year  2210 ... 
/user/scratchdelcatty/gent/gvo000/gvo00074/manfredo/utilsR/../new_scheme6/analy/paracou-Q-2210-01-00-000000-g01.h5 
/user/scratchdelcatty/gent/gvo000/gvo00074/manfredo/utilsR/../new_scheme6/analy/paracou-Q-2210-02-00-000000-g01.h5 
/user/scratchdelcatty/gent/gvo000/gvo00074/manfredo/utilsR/../new_scheme6/analy/paracou-Q-2210-03-00-000000-g01.h5 
/user/scratchdelcatty/gent/gvo000/gvo00074/manfredo/utilsR/../new_scheme6/analy/paracou-Q-2210-04-00-000000-g01.h5 
/user/scratchdelcatty/gent/gvo000/gvo00074/manfredo/utilsR/../new_scheme6/analy/paracou-Q-2210-05-00-000000-g01.h5 
/user/scratchdelcatty/gent/gvo000/gvo00074/manfredo/utilsR/../new_scheme6/analy/paracou-Q-2210-06-00-000000-g01.h5 
/user/scratchdelcatty/gent/gvo000/gvo00074/manfredo/utilsR/../new_scheme6/analy/paracou-Q-2210-07-00-000000-g01.h5 
/user/scratchdelcatty/gent/gvo000/gvo00074/manfredo/utilsR/../new_scheme6/analy/paracou-Q-2210-08-00-000000-g01.h5 
/user/scratchdelcatty/gent/gvo000/gvo00074/manfredo/utilsR/../new_scheme6/analy/paracou-Q-2210-09-00-000000-g01.h5 
/user/scratchdelcatty/gent/gvo000/gvo00074/manfredo/utilsR/../new_scheme6/analy/paracou-Q-2210-10-00-000000-g01.h5 
/user/scratchdelcatty/gent/gvo000/gvo00074/manfredo/utilsR/../new_scheme6/analy/paracou-Q-2210-11-00-000000-g01.h5 
/user/scratchdelcatty/gent/gvo000/gvo00074/manfredo/utilsR/../new_scheme6/analy/paracou-Q-2210-12-00-000000-g01.h5 
    - Reading data from year  2211 ... 
/user/scratchdelcatty/gent/gvo000/gvo00074/manfredo/utilsR/../new_scheme6/analy/paracou-Q-2211-01-00-000000-g01.h5 
/user/scratchdelcatty/gent/gvo000/gvo00074/manfredo/utilsR/../new_scheme6/analy/paracou-Q-2211-02-00-000000-g01.h5 
/user/scratchdelcatty/gent/gvo000/gvo00074/manfredo/utilsR/../new_scheme6/analy/paracou-Q-2211-03-00-000000-g01.h5 
/user/scratchdelcatty/gent/gvo000/gvo00074/manfredo/utilsR/../new_scheme6/analy/paracou-Q-2211-04-00-000000-g01.h5 
/user/scratchdelcatty/gent/gvo000/gvo00074/manfredo/utilsR/../new_scheme6/analy/paracou-Q-2211-05-00-000000-g01.h5 
/user/scratchdelcatty/gent/gvo000/gvo00074/manfredo/utilsR/../new_scheme6/analy/paracou-Q-2211-06-00-000000-g01.h5 
/user/scratchdelcatty/gent/gvo000/gvo00074/manfredo/utilsR/../new_scheme6/analy/paracou-Q-2211-07-00-000000-g01.h5 
/user/scratchdelcatty/gent/gvo000/gvo00074/manfredo/utilsR/../new_scheme6/analy/paracou-Q-2211-08-00-000000-g01.h5 
/user/scratchdelcatty/gent/gvo000/gvo00074/manfredo/utilsR/../new_scheme6/analy/paracou-Q-2211-09-00-000000-g01.h5 
/user/scratchdelcatty/gent/gvo000/gvo00074/manfredo/utilsR/../new_scheme6/analy/paracou-Q-2211-10-00-000000-g01.h5 
/user/scratchdelcatty/gent/gvo000/gvo00074/manfredo/utilsR/../new_scheme6/analy/paracou-Q-2211-11-00-000000-g01.h5 
/user/scratchdelcatty/gent/gvo000/gvo00074/manfredo/utilsR/../new_scheme6/analy/paracou-Q-2211-12-00-000000-g01.h5 
    - Reading data from year  2212 ... 
/user/scratchdelcatty/gent/gvo000/gvo00074/manfredo/utilsR/../new_scheme6/analy/paracou-Q-2212-01-00-000000-g01.h5 
/user/scratchdelcatty/gent/gvo000/gvo00074/manfredo/utilsR/../new_scheme6/analy/paracou-Q-2212-02-00-000000-g01.h5 
/user/scratchdelcatty/gent/gvo000/gvo00074/manfredo/utilsR/../new_scheme6/analy/paracou-Q-2212-03-00-000000-g01.h5 
/user/scratchdelcatty/gent/gvo000/gvo00074/manfredo/utilsR/../new_scheme6/analy/paracou-Q-2212-04-00-000000-g01.h5 
/user/scratchdelcatty/gent/gvo000/gvo00074/manfredo/utilsR/../new_scheme6/analy/paracou-Q-2212-05-00-000000-g01.h5 
/user/scratchdelcatty/gent/gvo000/gvo00074/manfredo/utilsR/../new_scheme6/analy/paracou-Q-2212-06-00-000000-g01.h5 
/user/scratchdelcatty/gent/gvo000/gvo00074/manfredo/utilsR/../new_scheme6/analy/paracou-Q-2212-07-00-000000-g01.h5 
/user/scratchdelcatty/gent/gvo000/gvo00074/manfredo/utilsR/../new_scheme6/analy/paracou-Q-2212-08-00-000000-g01.h5 
/user/scratchdelcatty/gent/gvo000/gvo00074/manfredo/utilsR/../new_scheme6/analy/paracou-Q-2212-09-00-000000-g01.h5 
/user/scratchdelcatty/gent/gvo000/gvo00074/manfredo/utilsR/../new_scheme6/analy/paracou-Q-2212-10-00-000000-g01.h5 
/user/scratchdelcatty/gent/gvo000/gvo00074/manfredo/utilsR/../new_scheme6/analy/paracou-Q-2212-11-00-000000-g01.h5 
/user/scratchdelcatty/gent/gvo000/gvo00074/manfredo/utilsR/../new_scheme6/analy/paracou-Q-2212-12-00-000000-g01.h5 
    - Reading data from year  2213 ... 
/user/scratchdelcatty/gent/gvo000/gvo00074/manfredo/utilsR/../new_scheme6/analy/paracou-Q-2213-01-00-000000-g01.h5 
/user/scratchdelcatty/gent/gvo000/gvo00074/manfredo/utilsR/../new_scheme6/analy/paracou-Q-2213-02-00-000000-g01.h5 
/user/scratchdelcatty/gent/gvo000/gvo00074/manfredo/utilsR/../new_scheme6/analy/paracou-Q-2213-03-00-000000-g01.h5 
/user/scratchdelcatty/gent/gvo000/gvo00074/manfredo/utilsR/../new_scheme6/analy/paracou-Q-2213-04-00-000000-g01.h5 
/user/scratchdelcatty/gent/gvo000/gvo00074/manfredo/utilsR/../new_scheme6/analy/paracou-Q-2213-05-00-000000-g01.h5 
/user/scratchdelcatty/gent/gvo000/gvo00074/manfredo/utilsR/../new_scheme6/analy/paracou-Q-2213-06-00-000000-g01.h5 
/user/scratchdelcatty/gent/gvo000/gvo00074/manfredo/utilsR/../new_scheme6/analy/paracou-Q-2213-07-00-000000-g01.h5 
/user/scratchdelcatty/gent/gvo000/gvo00074/manfredo/utilsR/../new_scheme6/analy/paracou-Q-2213-08-00-000000-g01.h5 
/user/scratchdelcatty/gent/gvo000/gvo00074/manfredo/utilsR/../new_scheme6/analy/paracou-Q-2213-09-00-000000-g01.h5 
/user/scratchdelcatty/gent/gvo000/gvo00074/manfredo/utilsR/../new_scheme6/analy/paracou-Q-2213-10-00-000000-g01.h5 
/user/scratchdelcatty/gent/gvo000/gvo00074/manfredo/utilsR/../new_scheme6/analy/paracou-Q-2213-11-00-000000-g01.h5 
/user/scratchdelcatty/gent/gvo000/gvo00074/manfredo/utilsR/../new_scheme6/analy/paracou-Q-2213-12-00-000000-g01.h5 
    - Reading data from year  2214 ... 
/user/scratchdelcatty/gent/gvo000/gvo00074/manfredo/utilsR/../new_scheme6/analy/paracou-Q-2214-01-00-000000-g01.h5 
/user/scratchdelcatty/gent/gvo000/gvo00074/manfredo/utilsR/../new_scheme6/analy/paracou-Q-2214-02-00-000000-g01.h5 
/user/scratchdelcatty/gent/gvo000/gvo00074/manfredo/utilsR/../new_scheme6/analy/paracou-Q-2214-03-00-000000-g01.h5 
/user/scratchdelcatty/gent/gvo000/gvo00074/manfredo/utilsR/../new_scheme6/analy/paracou-Q-2214-04-00-000000-g01.h5 
/user/scratchdelcatty/gent/gvo000/gvo00074/manfredo/utilsR/../new_scheme6/analy/paracou-Q-2214-05-00-000000-g01.h5 
/user/scratchdelcatty/gent/gvo000/gvo00074/manfredo/utilsR/../new_scheme6/analy/paracou-Q-2214-06-00-000000-g01.h5 
/user/scratchdelcatty/gent/gvo000/gvo00074/manfredo/utilsR/../new_scheme6/analy/paracou-Q-2214-07-00-000000-g01.h5 
/user/scratchdelcatty/gent/gvo000/gvo00074/manfredo/utilsR/../new_scheme6/analy/paracou-Q-2214-08-00-000000-g01.h5 
/user/scratchdelcatty/gent/gvo000/gvo00074/manfredo/utilsR/../new_scheme6/analy/paracou-Q-2214-09-00-000000-g01.h5 
/user/scratchdelcatty/gent/gvo000/gvo00074/manfredo/utilsR/../new_scheme6/analy/paracou-Q-2214-10-00-000000-g01.h5 
/user/scratchdelcatty/gent/gvo000/gvo00074/manfredo/utilsR/../new_scheme6/analy/paracou-Q-2214-11-00-000000-g01.h5 
/user/scratchdelcatty/gent/gvo000/gvo00074/manfredo/utilsR/../new_scheme6/analy/paracou-Q-2214-12-00-000000-g01.h5 
    - Reading data from year  2215 ... 
/user/scratchdelcatty/gent/gvo000/gvo00074/manfredo/utilsR/../new_scheme6/analy/paracou-Q-2215-01-00-000000-g01.h5 
/user/scratchdelcatty/gent/gvo000/gvo00074/manfredo/utilsR/../new_scheme6/analy/paracou-Q-2215-02-00-000000-g01.h5 
/user/scratchdelcatty/gent/gvo000/gvo00074/manfredo/utilsR/../new_scheme6/analy/paracou-Q-2215-03-00-000000-g01.h5 
/user/scratchdelcatty/gent/gvo000/gvo00074/manfredo/utilsR/../new_scheme6/analy/paracou-Q-2215-04-00-000000-g01.h5 
/user/scratchdelcatty/gent/gvo000/gvo00074/manfredo/utilsR/../new_scheme6/analy/paracou-Q-2215-05-00-000000-g01.h5 
/user/scratchdelcatty/gent/gvo000/gvo00074/manfredo/utilsR/../new_scheme6/analy/paracou-Q-2215-06-00-000000-g01.h5 
/user/scratchdelcatty/gent/gvo000/gvo00074/manfredo/utilsR/../new_scheme6/analy/paracou-Q-2215-07-00-000000-g01.h5 
/user/scratchdelcatty/gent/gvo000/gvo00074/manfredo/utilsR/../new_scheme6/analy/paracou-Q-2215-08-00-000000-g01.h5 
/user/scratchdelcatty/gent/gvo000/gvo00074/manfredo/utilsR/../new_scheme6/analy/paracou-Q-2215-09-00-000000-g01.h5 
/user/scratchdelcatty/gent/gvo000/gvo00074/manfredo/utilsR/../new_scheme6/analy/paracou-Q-2215-10-00-000000-g01.h5 
/user/scratchdelcatty/gent/gvo000/gvo00074/manfredo/utilsR/../new_scheme6/analy/paracou-Q-2215-11-00-000000-g01.h5 
/user/scratchdelcatty/gent/gvo000/gvo00074/manfredo/utilsR/../new_scheme6/analy/paracou-Q-2215-12-00-000000-g01.h5 
    - Reading data from year  2216 ... 
/user/scratchdelcatty/gent/gvo000/gvo00074/manfredo/utilsR/../new_scheme6/analy/paracou-Q-2216-01-00-000000-g01.h5 
/user/scratchdelcatty/gent/gvo000/gvo00074/manfredo/utilsR/../new_scheme6/analy/paracou-Q-2216-02-00-000000-g01.h5 
/user/scratchdelcatty/gent/gvo000/gvo00074/manfredo/utilsR/../new_scheme6/analy/paracou-Q-2216-03-00-000000-g01.h5 
/user/scratchdelcatty/gent/gvo000/gvo00074/manfredo/utilsR/../new_scheme6/analy/paracou-Q-2216-04-00-000000-g01.h5 
/user/scratchdelcatty/gent/gvo000/gvo00074/manfredo/utilsR/../new_scheme6/analy/paracou-Q-2216-05-00-000000-g01.h5 
/user/scratchdelcatty/gent/gvo000/gvo00074/manfredo/utilsR/../new_scheme6/analy/paracou-Q-2216-06-00-000000-g01.h5 
/user/scratchdelcatty/gent/gvo000/gvo00074/manfredo/utilsR/../new_scheme6/analy/paracou-Q-2216-07-00-000000-g01.h5 
/user/scratchdelcatty/gent/gvo000/gvo00074/manfredo/utilsR/../new_scheme6/analy/paracou-Q-2216-08-00-000000-g01.h5 
/user/scratchdelcatty/gent/gvo000/gvo00074/manfredo/utilsR/../new_scheme6/analy/paracou-Q-2216-09-00-000000-g01.h5 
/user/scratchdelcatty/gent/gvo000/gvo00074/manfredo/utilsR/../new_scheme6/analy/paracou-Q-2216-10-00-000000-g01.h5 
/user/scratchdelcatty/gent/gvo000/gvo00074/manfredo/utilsR/../new_scheme6/analy/paracou-Q-2216-11-00-000000-g01.h5 
/user/scratchdelcatty/gent/gvo000/gvo00074/manfredo/utilsR/../new_scheme6/analy/paracou-Q-2216-12-00-000000-g01.h5 
    - Reading data from year  2217 ... 
/user/scratchdelcatty/gent/gvo000/gvo00074/manfredo/utilsR/../new_scheme6/analy/paracou-Q-2217-01-00-000000-g01.h5 
/user/scratchdelcatty/gent/gvo000/gvo00074/manfredo/utilsR/../new_scheme6/analy/paracou-Q-2217-02-00-000000-g01.h5 
/user/scratchdelcatty/gent/gvo000/gvo00074/manfredo/utilsR/../new_scheme6/analy/paracou-Q-2217-03-00-000000-g01.h5 
/user/scratchdelcatty/gent/gvo000/gvo00074/manfredo/utilsR/../new_scheme6/analy/paracou-Q-2217-04-00-000000-g01.h5 
/user/scratchdelcatty/gent/gvo000/gvo00074/manfredo/utilsR/../new_scheme6/analy/paracou-Q-2217-05-00-000000-g01.h5 
/user/scratchdelcatty/gent/gvo000/gvo00074/manfredo/utilsR/../new_scheme6/analy/paracou-Q-2217-06-00-000000-g01.h5 
/user/scratchdelcatty/gent/gvo000/gvo00074/manfredo/utilsR/../new_scheme6/analy/paracou-Q-2217-07-00-000000-g01.h5 
/user/scratchdelcatty/gent/gvo000/gvo00074/manfredo/utilsR/../new_scheme6/analy/paracou-Q-2217-08-00-000000-g01.h5 
/user/scratchdelcatty/gent/gvo000/gvo00074/manfredo/utilsR/../new_scheme6/analy/paracou-Q-2217-09-00-000000-g01.h5 
/user/scratchdelcatty/gent/gvo000/gvo00074/manfredo/utilsR/../new_scheme6/analy/paracou-Q-2217-10-00-000000-g01.h5 
/user/scratchdelcatty/gent/gvo000/gvo00074/manfredo/utilsR/../new_scheme6/analy/paracou-Q-2217-11-00-000000-g01.h5 
/user/scratchdelcatty/gent/gvo000/gvo00074/manfredo/utilsR/../new_scheme6/analy/paracou-Q-2217-12-00-000000-g01.h5 
    - Reading data from year  2218 ... 
/user/scratchdelcatty/gent/gvo000/gvo00074/manfredo/utilsR/../new_scheme6/analy/paracou-Q-2218-01-00-000000-g01.h5 
/user/scratchdelcatty/gent/gvo000/gvo00074/manfredo/utilsR/../new_scheme6/analy/paracou-Q-2218-02-00-000000-g01.h5 
/user/scratchdelcatty/gent/gvo000/gvo00074/manfredo/utilsR/../new_scheme6/analy/paracou-Q-2218-03-00-000000-g01.h5 
/user/scratchdelcatty/gent/gvo000/gvo00074/manfredo/utilsR/../new_scheme6/analy/paracou-Q-2218-04-00-000000-g01.h5 
/user/scratchdelcatty/gent/gvo000/gvo00074/manfredo/utilsR/../new_scheme6/analy/paracou-Q-2218-05-00-000000-g01.h5 
/user/scratchdelcatty/gent/gvo000/gvo00074/manfredo/utilsR/../new_scheme6/analy/paracou-Q-2218-06-00-000000-g01.h5 
/user/scratchdelcatty/gent/gvo000/gvo00074/manfredo/utilsR/../new_scheme6/analy/paracou-Q-2218-07-00-000000-g01.h5 
/user/scratchdelcatty/gent/gvo000/gvo00074/manfredo/utilsR/../new_scheme6/analy/paracou-Q-2218-08-00-000000-g01.h5 
/user/scratchdelcatty/gent/gvo000/gvo00074/manfredo/utilsR/../new_scheme6/analy/paracou-Q-2218-09-00-000000-g01.h5 
/user/scratchdelcatty/gent/gvo000/gvo00074/manfredo/utilsR/../new_scheme6/analy/paracou-Q-2218-10-00-000000-g01.h5 
/user/scratchdelcatty/gent/gvo000/gvo00074/manfredo/utilsR/../new_scheme6/analy/paracou-Q-2218-11-00-000000-g01.h5 
/user/scratchdelcatty/gent/gvo000/gvo00074/manfredo/utilsR/../new_scheme6/analy/paracou-Q-2218-12-00-000000-g01.h5 
    - Reading data from year  2219 ... 
/user/scratchdelcatty/gent/gvo000/gvo00074/manfredo/utilsR/../new_scheme6/analy/paracou-Q-2219-01-00-000000-g01.h5 
/user/scratchdelcatty/gent/gvo000/gvo00074/manfredo/utilsR/../new_scheme6/analy/paracou-Q-2219-02-00-000000-g01.h5 
/user/scratchdelcatty/gent/gvo000/gvo00074/manfredo/utilsR/../new_scheme6/analy/paracou-Q-2219-03-00-000000-g01.h5 
/user/scratchdelcatty/gent/gvo000/gvo00074/manfredo/utilsR/../new_scheme6/analy/paracou-Q-2219-04-00-000000-g01.h5 
/user/scratchdelcatty/gent/gvo000/gvo00074/manfredo/utilsR/../new_scheme6/analy/paracou-Q-2219-05-00-000000-g01.h5 
/user/scratchdelcatty/gent/gvo000/gvo00074/manfredo/utilsR/../new_scheme6/analy/paracou-Q-2219-06-00-000000-g01.h5 
/user/scratchdelcatty/gent/gvo000/gvo00074/manfredo/utilsR/../new_scheme6/analy/paracou-Q-2219-07-00-000000-g01.h5 
/user/scratchdelcatty/gent/gvo000/gvo00074/manfredo/utilsR/../new_scheme6/analy/paracou-Q-2219-08-00-000000-g01.h5 
/user/scratchdelcatty/gent/gvo000/gvo00074/manfredo/utilsR/../new_scheme6/analy/paracou-Q-2219-09-00-000000-g01.h5 
/user/scratchdelcatty/gent/gvo000/gvo00074/manfredo/utilsR/../new_scheme6/analy/paracou-Q-2219-10-00-000000-g01.h5 
/user/scratchdelcatty/gent/gvo000/gvo00074/manfredo/utilsR/../new_scheme6/analy/paracou-Q-2219-11-00-000000-g01.h5 
/user/scratchdelcatty/gent/gvo000/gvo00074/manfredo/utilsR/../new_scheme6/analy/paracou-Q-2219-12-00-000000-g01.h5 
    - Reading data from year  2220 ... 
/user/scratchdelcatty/gent/gvo000/gvo00074/manfredo/utilsR/../new_scheme6/analy/paracou-Q-2220-01-00-000000-g01.h5 
/user/scratchdelcatty/gent/gvo000/gvo00074/manfredo/utilsR/../new_scheme6/analy/paracou-Q-2220-02-00-000000-g01.h5 
/user/scratchdelcatty/gent/gvo000/gvo00074/manfredo/utilsR/../new_scheme6/analy/paracou-Q-2220-03-00-000000-g01.h5 
/user/scratchdelcatty/gent/gvo000/gvo00074/manfredo/utilsR/../new_scheme6/analy/paracou-Q-2220-04-00-000000-g01.h5 
/user/scratchdelcatty/gent/gvo000/gvo00074/manfredo/utilsR/../new_scheme6/analy/paracou-Q-2220-05-00-000000-g01.h5 
/user/scratchdelcatty/gent/gvo000/gvo00074/manfredo/utilsR/../new_scheme6/analy/paracou-Q-2220-06-00-000000-g01.h5 
/user/scratchdelcatty/gent/gvo000/gvo00074/manfredo/utilsR/../new_scheme6/analy/paracou-Q-2220-07-00-000000-g01.h5 
/user/scratchdelcatty/gent/gvo000/gvo00074/manfredo/utilsR/../new_scheme6/analy/paracou-Q-2220-08-00-000000-g01.h5 
/user/scratchdelcatty/gent/gvo000/gvo00074/manfredo/utilsR/../new_scheme6/analy/paracou-Q-2220-09-00-000000-g01.h5 
/user/scratchdelcatty/gent/gvo000/gvo00074/manfredo/utilsR/../new_scheme6/analy/paracou-Q-2220-10-00-000000-g01.h5 
/user/scratchdelcatty/gent/gvo000/gvo00074/manfredo/utilsR/../new_scheme6/analy/paracou-Q-2220-11-00-000000-g01.h5 
/user/scratchdelcatty/gent/gvo000/gvo00074/manfredo/utilsR/../new_scheme6/analy/paracou-Q-2220-12-00-000000-g01.h5 
    - Reading data from year  2221 ... 
/user/scratchdelcatty/gent/gvo000/gvo00074/manfredo/utilsR/../new_scheme6/analy/paracou-Q-2221-01-00-000000-g01.h5 
/user/scratchdelcatty/gent/gvo000/gvo00074/manfredo/utilsR/../new_scheme6/analy/paracou-Q-2221-02-00-000000-g01.h5 
/user/scratchdelcatty/gent/gvo000/gvo00074/manfredo/utilsR/../new_scheme6/analy/paracou-Q-2221-03-00-000000-g01.h5 
/user/scratchdelcatty/gent/gvo000/gvo00074/manfredo/utilsR/../new_scheme6/analy/paracou-Q-2221-04-00-000000-g01.h5 
/user/scratchdelcatty/gent/gvo000/gvo00074/manfredo/utilsR/../new_scheme6/analy/paracou-Q-2221-05-00-000000-g01.h5 
/user/scratchdelcatty/gent/gvo000/gvo00074/manfredo/utilsR/../new_scheme6/analy/paracou-Q-2221-06-00-000000-g01.h5 
/user/scratchdelcatty/gent/gvo000/gvo00074/manfredo/utilsR/../new_scheme6/analy/paracou-Q-2221-07-00-000000-g01.h5 
/user/scratchdelcatty/gent/gvo000/gvo00074/manfredo/utilsR/../new_scheme6/analy/paracou-Q-2221-08-00-000000-g01.h5 
/user/scratchdelcatty/gent/gvo000/gvo00074/manfredo/utilsR/../new_scheme6/analy/paracou-Q-2221-09-00-000000-g01.h5 
/user/scratchdelcatty/gent/gvo000/gvo00074/manfredo/utilsR/../new_scheme6/analy/paracou-Q-2221-10-00-000000-g01.h5 
/user/scratchdelcatty/gent/gvo000/gvo00074/manfredo/utilsR/../new_scheme6/analy/paracou-Q-2221-11-00-000000-g01.h5 
/user/scratchdelcatty/gent/gvo000/gvo00074/manfredo/utilsR/../new_scheme6/analy/paracou-Q-2221-12-00-000000-g01.h5 
    - Reading data from year  2222 ... 
/user/scratchdelcatty/gent/gvo000/gvo00074/manfredo/utilsR/../new_scheme6/analy/paracou-Q-2222-01-00-000000-g01.h5 
/user/scratchdelcatty/gent/gvo000/gvo00074/manfredo/utilsR/../new_scheme6/analy/paracou-Q-2222-02-00-000000-g01.h5 
/user/scratchdelcatty/gent/gvo000/gvo00074/manfredo/utilsR/../new_scheme6/analy/paracou-Q-2222-03-00-000000-g01.h5 
/user/scratchdelcatty/gent/gvo000/gvo00074/manfredo/utilsR/../new_scheme6/analy/paracou-Q-2222-04-00-000000-g01.h5 
/user/scratchdelcatty/gent/gvo000/gvo00074/manfredo/utilsR/../new_scheme6/analy/paracou-Q-2222-05-00-000000-g01.h5 
/user/scratchdelcatty/gent/gvo000/gvo00074/manfredo/utilsR/../new_scheme6/analy/paracou-Q-2222-06-00-000000-g01.h5 
/user/scratchdelcatty/gent/gvo000/gvo00074/manfredo/utilsR/../new_scheme6/analy/paracou-Q-2222-07-00-000000-g01.h5 
/user/scratchdelcatty/gent/gvo000/gvo00074/manfredo/utilsR/../new_scheme6/analy/paracou-Q-2222-08-00-000000-g01.h5 
/user/scratchdelcatty/gent/gvo000/gvo00074/manfredo/utilsR/../new_scheme6/analy/paracou-Q-2222-09-00-000000-g01.h5 
/user/scratchdelcatty/gent/gvo000/gvo00074/manfredo/utilsR/../new_scheme6/analy/paracou-Q-2222-10-00-000000-g01.h5 
/user/scratchdelcatty/gent/gvo000/gvo00074/manfredo/utilsR/../new_scheme6/analy/paracou-Q-2222-11-00-000000-g01.h5 
/user/scratchdelcatty/gent/gvo000/gvo00074/manfredo/utilsR/../new_scheme6/analy/paracou-Q-2222-12-00-000000-g01.h5 
    - Reading data from year  2223 ... 
/user/scratchdelcatty/gent/gvo000/gvo00074/manfredo/utilsR/../new_scheme6/analy/paracou-Q-2223-01-00-000000-g01.h5 
/user/scratchdelcatty/gent/gvo000/gvo00074/manfredo/utilsR/../new_scheme6/analy/paracou-Q-2223-02-00-000000-g01.h5 
/user/scratchdelcatty/gent/gvo000/gvo00074/manfredo/utilsR/../new_scheme6/analy/paracou-Q-2223-03-00-000000-g01.h5 
/user/scratchdelcatty/gent/gvo000/gvo00074/manfredo/utilsR/../new_scheme6/analy/paracou-Q-2223-04-00-000000-g01.h5 
/user/scratchdelcatty/gent/gvo000/gvo00074/manfredo/utilsR/../new_scheme6/analy/paracou-Q-2223-05-00-000000-g01.h5 
/user/scratchdelcatty/gent/gvo000/gvo00074/manfredo/utilsR/../new_scheme6/analy/paracou-Q-2223-06-00-000000-g01.h5 
/user/scratchdelcatty/gent/gvo000/gvo00074/manfredo/utilsR/../new_scheme6/analy/paracou-Q-2223-07-00-000000-g01.h5 
/user/scratchdelcatty/gent/gvo000/gvo00074/manfredo/utilsR/../new_scheme6/analy/paracou-Q-2223-08-00-000000-g01.h5 
/user/scratchdelcatty/gent/gvo000/gvo00074/manfredo/utilsR/../new_scheme6/analy/paracou-Q-2223-09-00-000000-g01.h5 
/user/scratchdelcatty/gent/gvo000/gvo00074/manfredo/utilsR/../new_scheme6/analy/paracou-Q-2223-10-00-000000-g01.h5 
/user/scratchdelcatty/gent/gvo000/gvo00074/manfredo/utilsR/../new_scheme6/analy/paracou-Q-2223-11-00-000000-g01.h5 
/user/scratchdelcatty/gent/gvo000/gvo00074/manfredo/utilsR/../new_scheme6/analy/paracou-Q-2223-12-00-000000-g01.h5 
 + Saving data to  M.paracou.RData ... 
There were 50 or more warnings (use warnings() to see the first 50)
    - Finding the annual statistics for multi-dimensional variables... 
      * Aggregating the annual mean of PFT-DBH variables... 
      * Aggregating the annual mean of LU variables... 
    - Finding the monthly and annual means... 
      * Aggregating the monthly mean and standard deviation... 
    - Aggregating the annual mean and std. dev. of the diurnal cycle... 
    - Plotting figures... 
      + Above ground biomass time series for all PFTs... 
      + Total biomass time series for all PFTs... 
      + Basal area time series for all PFTs... 
      + Leaf area index time series for all PFTs... 
      + Wood area index time series for all PFTs... 
      + Gross primary productivity time series for all PFTs... 
      + Net primary productivity time series for all PFTs... 
      + Maintenance costs time series for all PFTs... 
      + Carbon balance time series for all PFTs... 
      + Leaf drop time series for all PFTs... 
      + Biomass of active tissues time series for all PFTs... 
      + Leaf biomass time series for all PFTs... 
      + Stem biomass time series for all PFTs... 
      + Sapwood biomass time series for all PFTs... 
      + Storage biomass time series for all PFTs... 
      + Seed biomass time series for all PFTs... 
      + Leaf respiration time series for all PFTs... 
      + Stem respiration time series for all PFTs... 
      + Root respiration time series for all PFTs... 
      + Growth respiration time series for all PFTs... 
      + Plant density time series for all PFTs... 
      + Soil moisture stress factor time series for all PFTs... 
      + Stomatal conductance time series for all PFTs... 
      + Leaf boundary layer conductance time series for all PFTs... 
      + Leaf area index (H > 1.5m) time series for all PFTs... 
      + Above-ground biomass (DBH > 10cm) time series for all PFTs... 
      + Basal area (DBH > 10cm) time series for all PFTs... 
      + Mortality rate time series for all PFTs... 
      + Mortality rate - Neg. C balance time series for all PFTs... 
      + Mortality rate - Density independent time series for all PFTs... 
      + Recruitment rate time series for all PFTs... 
      + Growth rate time series for all PFTs... 
      + Mortality rate time series for all PFTs... 
      + Mortality rate - Neg. C balance time series for all PFTs... 
      + Mortality rate - Density independent time series for all PFTs... 
      + Recruitment rate time series for all PFTs... 
      + Growth rate time series for all PFTs... 
      + Change rate time series for all PFTs... 
      + Change rate time series for all PFTs... 
      + Mortality rate time series for all PFTs... 
      + Mortality rate - Neg. C balance time series for all PFTs... 
      + Mortality rate - Density independent time series for all PFTs... 
      + Recruitment rate time series for all PFTs... 
      + Growth rate time series for all PFTs... 
      + Maximum Carbon balance time series for all PFTs... 
      + Carbon balance - Maximum light time series for all PFTs... 
      + Carbon balance - Maximum moisture time series for all PFTs... 
      + Relative carbon balance time series for all PFTs... 
      + Leaf sensible heat flux time series for all PFTs... 
      + Leaf evaporation time series for all PFTs... 
      + Leaf transpiration time series for all PFTs... 
      + Water use efficiency time series for all PFTs... 
      + Carbon use efficiency time series for all PFTs... 
      + Effective carbon use efficiency time series for all PFTs... 
      + Mean gross primary production time series for all PFTs... 
      + Mean net primary production time series for all PFTs... 
      + Mean plant respiration time series for all PFTs... 
      + Mean maintenance costs time series for all PFTs... 
      + Mean carbon balance time series for all PFTs... 
      + Maximum carbon balance time series for all PFTs... 
      + Mean carbon balance - maximum light time series for all PFTs... 
      + Mean carbon balance - maximum moisture time series for all PFTs... 
      + Mean leaf sensible heat flux time series for all PFTs... 
      + Mean leaf evaporation time series for all PFTs... 
      + Mean leaf evaporation time series for all PFTs... 
      + Gross Primary Productivity time series for all PFTs... 
      + Plant respiration time series for all PFTs... 
      + Net Primary Productivity time series for all PFTs... 
      + Carbon balance time series for all PFTs... 
      + Relative storage biomass time series for all PFTs... 
      + Relative leaf biomass time series for all PFTs... 
      + Relative stem biomass time series for all PFTs... 
      + Relative root biomass time series for all PFTs... 
      + Relative seed biomass time series for all PFTs... 
      + Norm. Absorbed PAR - Leaf time series for all PFTs... 
      + Absolute Absorbed PAR - Leaf time series for all PFTs... 
      + Leaf-level GPP time series for all PFTs... 
      + Norm. Absorbed SW - Leaf time series for all PFTs... 
      + Norm. Net absorbed LW - Leaf time series for all PFTs... 
      + Light-limited assimilation rate time series for all PFTs... 
      + RuBP-limited assimilation rate time series for all PFTs... 
      + CO2-limited assimilation rate time series for all PFTs... 
      + Light saturation time series for all PFTs... 
    + Year-by-year comparisons of monthly means... 
      -  Net Ecosystem Productivity comparison... 
      -  Gross Primary Productivity comparison... 
      -  Air CO2 mixing ratio comparison... 
      -  Sensible heat flux comparison... 
      -  Water flux comparison... 
      -  Incoming shortwave radiation comparison... 
      -  Incoming longwave radiation comparison... 
      -  Air temperature comparison... 
      -  Air specific humidity comparison... 
      -  Precipitation rate comparison... 
      -  Wind speed comparison... 
      -  Air pressure comparison... 
      -  CO2 flux comparison... 
      -  CO2 storage comparison... 
      -  Net Ecosystem Exchange comparison... 
      -  Friction velocity comparison... 
      -  Ecosystem respiration comparison... 
      -  Albedo comparison... 
      -  Outgoing SW Radiation comparison... 
      -  Outgoing LW Radiation comparison... 
      -  Outgoing PAR comparison... 
      -  Net radiation comparison... 
      + Above ground biomass time series for all LUs... 
      + Total biomass time series for all LUs... 
      + Leaf area index time series for all LUs... 
      + Gross primary productivity time series for all LUs... 
      + Net primary productivity time series for all LUs... 
      + Fraction of area time series for all LUs... 
      + Basal area time series for all LUs... 
      + Mean above ground biomass time series for all LUs... 
      + Mean total biomass time series for all LUs... 
      + Mean leaf area index time series for all LUs... 
      + Mean gross primary productivity time series for all LUs... 
      + Mean net primary productivity time series for all LUs... 
      + Mean basal area time series for all LUs... 
      * Plot time series of groups of variables... 
      + Ecosystem fluxes time series... 
      + Energy fluxes time series... 
      + Water fluxes time series... 
      + Sensible heat fluxes time series... 
      + Temperature time series... 
      + Water vapour mixing ratio time series... 
      + CO2 mixing ratio time series... 
      + Precipitation distribution time series... 
      + Total number of patches time series... 
      + Total number of cohorts time series... 
      + Respiration fluxes time series... 
      + Winds time series... 
      + Soil Carbon time series... 
      + Vapour pressure deficit time series... 
      + Average potential available water time series... 
      + Average soil matric potential time series... 
      + Monthly Water deficit time series... 
      + CO2 fluxes time series... 
      + Short wave radiation time series... 
      + Long wave radiation time series... 
      + Albedo time series... 
      + Photosynthetically Active Radiation time series... 
      + Conductance time series... 
      * Plot mean diel for groups of variables... 
      + Ecosystem fluxes  diurnal cycle... 
      + Energy fluxes  diurnal cycle... 
      + Water fluxes  diurnal cycle... 
      + Sensible heat fluxes  diurnal cycle... 
      + Temperature  diurnal cycle... 
      + Water vapour mixing ratio  diurnal cycle... 
      + CO2 mixing ratio  diurnal cycle... 
      + Precipitation distribution  diurnal cycle... 
      + Winds  diurnal cycle... 
      + Vapour pressure deficit  diurnal cycle... 
      + CO2 fluxes  diurnal cycle... 
      + Short wave radiation  diurnal cycle... 
      + Long wave radiation  diurnal cycle... 
      + Albedo  diurnal cycle... 
      + Photosynthetically Active Radiation  diurnal cycle... 
      + Conductance  diurnal cycle... 
      + Climatology profile of  Soil moisture ... 
      + Climatology profile of  Soil temperature ... 
      + Climatology profile of  (Negative) Soil moisture potential ... 
      + Climatology profile of  Water extraction by plants ... 
    + Bar plot by DBH classes... 
      -  Above ground biomass ... 
      -  Total biomass ... 
      -  Basal area ... 
      -  Leaf area index ... 
      -  Gross primary productivity ... 
      -  Plant density ... 
      -  Soil moisture stress factor ... 
      -  Leaf transpiration ... 
      + Size and age structure plot:  Above ground biomass ... 
      + Size and age structure plot:  Total biomass ... 
      + Size and age structure plot:  Basal area ... 
      + Size and age structure plot:  Leaf area index ... 
      + Size and age structure plot:  Gross primary productivity ... 
      + Size and age structure plot:  Root biomass ... 
      + Size and age structure plot:  Relative carbon balance ... 
      + Size and age structure plot:  Height ... 
      + Size and age structure plot:  Light-limited assimilation rate ... 
      + Size and age structure plot:  RuBP-limited assimilation rate ... 
      + Size and age structure plot:  CO2-limited assimilation rate ... 
      + Size and age structure plot:  Light saturation ... 
There were 50 or more warnings (use warnings() to see the first 50)
